`timescale 1ns/1ps

module tb_ic_axi_memctrl;

reg clk;
reg rst;

//==================================================
// Hand-driven "cache" side
//==================================================
reg         cache_read_req;
reg         cache_write_req;
reg [31:0]  cache_address;
reg [31:0]  cache_write_data;
reg [3:0]   cache_write_strb;

wire [31:0] cache_read_data;
wire        cache_read_done;
wire        cache_write_done;
wire        cache_busy;

//==================================================
// Interconnect Controller <-> AXI
//==================================================
wire [31:0] ic_master_read_addr;
wire        ic_master_read_addr_valid;
wire        ic_master_read_addr_ready;

wire [31:0] ic_master_read_data;
wire [1:0]  ic_master_read_resp;
wire        ic_master_read_data_valid;
wire        ic_master_read_data_ready;

wire [31:0] ic_master_write_addr;
wire        ic_master_write_addr_valid;
wire        ic_master_write_addr_ready;

wire [31:0] ic_master_write_data;
wire [3:0]  ic_master_write_strb;
wire        ic_master_write_data_valid;
wire        ic_master_write_data_ready;

wire [1:0]  ic_master_write_resp;
wire        ic_master_write_resp_valid;
wire        ic_master_write_resp_ready;

//==================================================
// AXI <-> Memory Controller
//==================================================
wire [31:0] mem_read_addr;
wire        mem_read_addr_valid;
wire        mem_read_addr_ready;

wire [31:0] mem_read_data;
wire [1:0]  mem_read_resp;
wire        mem_read_data_valid;
wire        mem_read_data_ready;

wire [31:0] mem_write_addr;
wire        mem_write_addr_valid;
wire        mem_write_addr_ready;

wire [31:0] mem_write_data;
wire [3:0]  mem_write_strb;
wire        mem_write_data_valid;
wire        mem_write_data_ready;

wire [1:0]  mem_write_resp;
wire        mem_write_resp_valid;
wire        mem_write_resp_ready;

wire        memory_busy;

//==================================================
// DUTs
//==================================================
interconnect_controller ic_inst(
    .clk(clk),
    .rst(rst),

    .cache_read_req(cache_read_req),
    .cache_write_req(cache_write_req),
    .cache_address(cache_address),
    .cache_write_data(cache_write_data),
    .cache_write_strb(cache_write_strb),

    .cache_read_data(cache_read_data),
    .cache_read_done(cache_read_done),
    .cache_write_done(cache_write_done),
    .cache_busy(cache_busy),

    .master_read_addr(ic_master_read_addr),
    .master_read_addr_valid(ic_master_read_addr_valid),
    .master_read_addr_ready(ic_master_read_addr_ready),

    .master_read_data(ic_master_read_data),
    .master_read_resp(ic_master_read_resp),
    .master_read_data_valid(ic_master_read_data_valid),
    .master_read_data_ready(ic_master_read_data_ready),

    .master_write_addr(ic_master_write_addr),
    .master_write_addr_valid(ic_master_write_addr_valid),
    .master_write_addr_ready(ic_master_write_addr_ready),

    .master_write_data(ic_master_write_data),
    .master_write_strb(ic_master_write_strb),
    .master_write_data_valid(ic_master_write_data_valid),
    .master_write_data_ready(ic_master_write_data_ready),

    .master_write_resp(ic_master_write_resp),
    .master_write_resp_valid(ic_master_write_resp_valid),
    .master_write_resp_ready(ic_master_write_resp_ready)
);

// axi_interconnect axi_inst(
//     .master_read_addr(ic_master_read_addr),
//     .master_read_addr_valid(ic_master_read_addr_valid),
//     .master_read_addr_ready(ic_master_read_addr_ready),

//     .master_read_data(ic_master_read_data),
//     .master_read_resp(ic_master_read_resp),
//     .master_read_data_valid(ic_master_read_data_valid),
//     .master_read_data_ready(ic_master_read_data_ready),

//     .master_write_addr(ic_master_write_addr),
//     .master_write_addr_valid(ic_master_write_addr_valid),
//     .master_write_addr_ready(ic_master_write_addr_ready),

//     .master_write_data(ic_master_write_data),
//     .master_write_strb(ic_master_write_strb),
//     .master_write_data_valid(ic_master_write_data_valid),
//     .master_write_data_ready(ic_master_write_data_ready),

//     .master_write_resp(ic_master_write_resp),
//     .master_write_resp_valid(ic_master_write_resp_valid),
//     .master_write_resp_ready(ic_master_write_resp_ready),

//     .mem_read_addr(mem_read_addr),
//     .mem_read_addr_valid(mem_read_addr_valid),
//     .mem_read_addr_ready(mem_read_addr_ready),

//     .mem_read_data(mem_read_data),
//     .mem_read_resp(mem_read_resp),
//     .mem_read_data_valid(mem_read_data_valid),
//     .mem_read_data_ready(mem_read_data_ready),

//     .mem_write_addr(mem_write_addr),
//     .mem_write_addr_valid(mem_write_addr_valid),
//     .mem_write_addr_ready(mem_write_addr_ready),

//     .mem_write_data(mem_write_data),
//     .mem_write_strb(mem_write_strb),
//     .mem_write_data_valid(mem_write_data_valid),
//     .mem_write_data_ready(mem_write_data_ready),

//     .mem_write_resp(mem_write_resp),
//     .mem_write_resp_valid(mem_write_resp_valid),
//     .mem_write_resp_ready(mem_write_resp_ready)
// );
assign mem_read_addr       = ic_master_read_addr;
assign mem_read_addr_valid = ic_master_read_addr_valid;
assign ic_master_read_addr_ready = mem_read_addr_ready;

assign ic_master_read_data       = mem_read_data;
assign ic_master_read_resp       = mem_read_resp;
assign ic_master_read_data_valid = mem_read_data_valid;
assign mem_read_data_ready       = ic_master_read_data_ready;

assign mem_write_addr       = ic_master_write_addr;
assign mem_write_addr_valid = ic_master_write_addr_valid;
assign ic_master_write_addr_ready = mem_write_addr_ready;

assign mem_write_data       = ic_master_write_data;
assign mem_write_strb       = ic_master_write_strb;
assign mem_write_data_valid = ic_master_write_data_valid;
assign ic_master_write_data_ready = mem_write_data_ready;

assign ic_master_write_resp       = mem_write_resp;
assign ic_master_write_resp_valid = mem_write_resp_valid;
assign mem_write_resp_ready       = ic_master_write_resp_ready;


// memory_controller mc_inst(
//     .clk(clk),
//     .rst(rst),

//     .mem_read_addr(mem_read_addr),
//     .mem_read_addr_valid(mem_read_addr_valid),
//     .mem_read_addr_ready(mem_read_addr_ready),

//     .mem_read_data(mem_read_data),
//     .mem_read_resp(mem_read_resp),
//     .mem_read_data_valid(mem_read_data_valid),
//     .mem_read_data_ready(mem_read_data_ready),

//     .mem_write_addr(mem_write_addr),
//     .mem_write_addr_valid(mem_write_addr_valid),
//     .mem_write_addr_ready(mem_write_addr_ready),

//     .mem_write_data(mem_write_data),
//     .mem_write_strb(mem_write_strb),
//     .mem_write_data_valid(mem_write_data_valid),
//     .mem_write_data_ready(mem_write_data_ready),

//     .mem_write_resp(mem_write_resp),
//     .mem_write_resp_valid(mem_write_resp_valid),
//     .mem_write_resp_ready(mem_write_resp_ready),

//     .memory_busy(memory_busy)
// );

// READ CHANNEL
assign mem_read_addr_ready = 1'b1;
assign mem_read_data       = 32'h12345678;
assign mem_read_resp       = 2'b00;
assign mem_read_data_valid = 1'b1;

// WRITE CHANNEL
assign mem_write_addr_ready = 1'b1;
assign mem_write_data_ready = 1'b1;
assign mem_write_resp       = 2'b00;
assign mem_write_resp_valid = 1'b1;


//==================================================
// Clock
//==================================================
always #5 clk = ~clk;

//==================================================
// Waveform dump
//==================================================
initial begin
    $dumpfile("ic_axi_mc.vcd");
    $dumpvars(0, tb_ic_axi_memctrl);
end

//==================================================
// Monitor
//==================================================
always @(posedge clk) begin
    $display("t=%0t | IC=%0d MC=%0d | creq=%b cwreq=%b cdone=%b cwdone=%b | ARV=%b ARR=%b RV=%b RR=%b | AWV=%b AWR=%b WV=%b WR=%b BV=%b BR=%b",
        $time, ic_inst.state, mc_inst.state,
        cache_read_req, cache_write_req, cache_read_done, cache_write_done,
        ic_master_read_addr_valid, ic_master_read_addr_ready,
        ic_master_read_data_valid, ic_master_read_data_ready,
        ic_master_write_addr_valid, ic_master_write_addr_ready,
        ic_master_write_data_valid, ic_master_write_data_ready,
        ic_master_write_resp_valid, ic_master_write_resp_ready);
        $display("t=%0t IC state=%0d next=%0d read_req=%b ARVALID=%b ARREADY=%b",
         $time,
         ic_inst.state,
         ic_inst.next_state,
         cache_read_req,
         ic_master_read_addr_valid,
         ic_master_read_addr_ready);
end

//==================================================
// Timeout
//==================================================
initial begin
    #1000;
    $display("*** TIMEOUT ***");
    $finish;
end

//==================================================
// Test
//==================================================
initial begin
    clk = 0;
    rst = 1;

    cache_read_req   = 0;
    cache_write_req  = 0;
    cache_address    = 0;
    cache_write_data = 0;
    cache_write_strb = 0;

    #20;
    rst = 0;

    @(negedge clk);

    // READ TEST
    cache_read_req = 1;
    cache_address  = 32'h100;

   repeat(20) @(posedge clk);

cache_read_req = 0;

$display("After 20 clocks");

    $display("READ DONE @ %0t, data=%h", $time, cache_read_data);

    @(negedge clk);

    // WRITE TEST
    cache_write_req  = 1;
    cache_address    = 32'h200;
    cache_write_data = 32'hDEADBEEF;
    cache_write_strb = 4'b1111;

    repeat(20) @(posedge clk);

cache_read_req = 0;

$display("After 20 clocks");

    $display("WRITE DONE @ %0t", $time);

    #20;
    $display("SIMULATION FINISHED CLEANLY");
    $finish;
end

always @(posedge clk)
begin
    $display("--------------------------------");
    $display("IC master_read_addr_valid = %b", ic_master_read_addr_valid);
    $display("AXI mem_read_addr_valid   = %b", mem_read_addr_valid);
    $display("MC input                 = %b", mc_inst.mem_read_addr_valid);
    
end

initial begin
    #1000;
    $display("TIMEOUT");
    $finish;
end

endmodulemodule interconnect_controller(

    input clk,
    input rst,

    //=========================================
    // CACHE CONTROLLER SIDE
    //=========================================

    input         cache_read_req,
    input         cache_write_req,

    input  [31:0] cache_address,
    input  [31:0] cache_write_data,
    input  [3:0]  cache_write_strb,

    output reg [31:0] cache_read_data,
    output reg        cache_read_done,
    output reg        cache_write_done,
    output reg        cache_busy,


    //=========================================
    // INTERCONNECT MASTER SIDE
    //=========================================

    output reg [31:0] master_read_addr,
    output reg        master_read_addr_valid,
    input             master_read_addr_ready,

    input      [31:0] master_read_data,
    input      [1:0]  master_read_resp,
    input             master_read_data_valid,
    output reg        master_read_data_ready,


    output reg [31:0] master_write_addr,
    output reg        master_write_addr_valid,
    input             master_write_addr_ready,

    output reg [31:0] master_write_data,
    output reg [3:0]  master_write_strb,
    output reg        master_write_data_valid,
    input             master_write_data_ready,

    input      [1:0]  master_write_resp,
    input             master_write_resp_valid,
    output reg        master_write_resp_ready

);

reg [2:0] state;
reg [2:0] next_state;

reg        req_is_read;
reg        req_is_write;

reg [31:0] req_address;
reg [31:0] req_write_data;
reg [3:0]  req_write_strb;

parameter IDLE       = 3'b000;
parameter READ_ADDR  = 3'b001;
parameter READ_DATA  = 3'b010;
parameter WRITE      = 3'b011;
parameter WRITE_RESP = 3'b100;


//======================================================
// STATE REGISTER
//======================================================

// always @(posedge clk or posedge rst) begin

//     if(rst)
//         state <= IDLE;
//     else
//         state <= next_state;

// end

always @(posedge clk or posedge rst) begin
    $display("STATE REG: t=%0t rst=%b state=%0d next=%0d",
             $time, rst, state, next_state);

    if (rst)
        state <= IDLE;
    else
        state <= next_state;
end

//internal reg to make sure no inconsistencies,latch onto o/p
always @(posedge clk or posedge rst) begin

    if(rst) begin

        req_is_read    <= 1'b0;
        req_is_write   <= 1'b0;

        req_address    <= 32'b0;
        req_write_data <= 32'b0;
        req_write_strb <= 4'b0;

    end

    else if(state == IDLE) begin

        if(cache_read_req) begin

            req_is_read    <= 1'b1;
            req_is_write   <= 1'b0;

            req_address    <= cache_address;

        end

        else if(cache_write_req) begin

            req_is_read    <= 1'b0;
            req_is_write   <= 1'b1;

            req_address    <= cache_address;
            req_write_data <= cache_write_data;
            req_write_strb <= cache_write_strb;

        end

    end

end

//======================================================
// NEXT STATE + OUTPUT LOGIC
//======================================================




// always @(*) begin

//     //-------------------------------
//     // Defaults
//     //-------------------------------

//     next_state = state;

//     cache_busy       = (state != IDLE);

//     cache_read_done  = 1'b0;
//     cache_write_done = 1'b0;

//     cache_read_data  = 32'b0;

//     master_read_addr       = 32'b0;
//     master_read_addr_valid = 1'b0;
//     master_read_data_ready = 1'b0;

//     master_write_addr       = 32'b0;
//     master_write_addr_valid = 1'b0;
//     master_write_data       = 32'b0;
//     master_write_strb       = 4'b0;
//     master_write_data_valid = 1'b0;
//     master_write_resp_ready = 1'b0;

//     //--------------------------------
//     // FSM
//     //--------------------------------

//     case(state)

//     //--------------------------------
//     // IDLE
//     //--------------------------------

//     IDLE:
//     begin

//         if(cache_read_req)
//             next_state = READ_ADDR;

//         else if(cache_write_req)
//             next_state = WRITE;

//     end


//     //--------------------------------
//     // SEND READ ADDRESS
//     //--------------------------------

//     READ_ADDR:
//     begin

       

//         master_read_addr = req_address;
//         master_read_addr_valid = 1'b1;

//         if(master_read_addr_ready)
//             next_state = READ_DATA;

//     end



//     //--------------------------------
//     // WAIT FOR READ DATA
//     //--------------------------------

//     READ_DATA:
//     begin

//         master_read_data_ready = 1'b1;

//         if(master_read_data_valid) begin

//             if(master_read_resp == 2'b00) begin

//                 cache_read_done = 1'b1;
//                 cache_read_data = master_read_data;

//             end

//             next_state = IDLE;

//         end

//     end


//     //--------------------------------
//     // SEND WRITE
//     //--------------------------------

//     WRITE:
//     begin

//         master_write_addr = req_address;
//         master_write_addr_valid = 1'b1;

//         master_write_data = req_write_data;
//         master_write_strb = req_write_strb;
//         master_write_data_valid = 1'b1;

//         if(master_write_addr_ready &&
//            master_write_data_ready)

//             next_state = WRITE_RESP;

//     end


//     //--------------------------------
//     // WAIT FOR WRITE RESPONSE
//     //--------------------------------

//     WRITE_RESP:
//     begin

//         master_write_resp_ready = 1'b1;

//         if(master_write_resp_valid) begin

//             if(master_write_resp == 2'b00)
//                 cache_write_done = 1'b1;

//             next_state = IDLE;

//         end

//     end


//     default:
//     begin

//         next_state = IDLE;

//     end

//     endcase

// end

always @(*) begin
    next_state = state;

    cache_busy = 0;
    cache_read_done = 0;
    cache_write_done = 0;
    cache_read_data = 0;

    master_read_addr = 0;
    master_read_addr_valid = 0;
    master_read_data_ready = 0;

    master_write_addr = 0;
    master_write_addr_valid = 0;
    master_write_data = 0;
    master_write_strb = 0;
    master_write_data_valid = 0;
    master_write_resp_ready = 0;
end


always @(posedge clk)
begin
    $display("IC: state=%0d next=%0d ARVALID=%b ARREADY=%b RVALID=%b RREADY=%b",
        state,next_state,
        master_read_addr_valid,
        master_read_addr_ready,
        master_read_data_valid,
        master_read_data_ready);
end

endmodulemodule memory_controller(
    input clk,
    input rst,

    // Interconnect Master Side (AXI-Lite Slave Interface)
    input  [31:0] mem_read_addr,
    input         mem_read_addr_valid,
    output reg    mem_read_addr_ready,

    output reg [31:0] mem_read_data,
    output reg [1:0]  mem_read_resp,
    output reg        mem_read_data_valid,
    input             mem_read_data_ready,
    
    input  [31:0] mem_write_addr,
    input         mem_write_addr_valid,
    output reg    mem_write_addr_ready,

    input  [31:0] mem_write_data,
    input  [3:0]  mem_write_strb,
    input         mem_write_data_valid,
    output reg    mem_write_data_ready,

    output reg [1:0] mem_write_resp,
    output reg       mem_write_resp_valid,
    input            mem_write_resp_ready,
    
    // Status
    output       memory_busy
);

reg        MemRead;
reg        MemWrite;
reg [31:0] mem_address;
reg [31:0] mem_write_value;

wire [31:0] mem_read_value;

data_memory data_mem_inst(
    .clk(clk),
    .address(mem_address), 
    .write_data(mem_write_value),
    .read_data(mem_read_value),
    .MemRead(MemRead),
    .MemWrite(MemWrite)
);

reg [31:0] req_address;
reg [31:0] req_write_data;
reg [3:0]  req_write_strb;
reg [31:0] read_buffer;   // latches data_memory's output while it's still valid

parameter IDLE       = 3'b000;
parameter READ       = 3'b001;
parameter READ_RESP  = 3'b010;
parameter WRITE      = 3'b011;
parameter WRITE_RESP = 3'b100;

reg [2:0] state;
reg [2:0] next_state;

assign memory_busy = (state != IDLE);

always @(posedge clk or posedge rst) begin
    if(rst) begin
        state          <= IDLE;
        req_address    <= 32'b0;
        req_write_data <= 32'b0;
        req_write_strb <= 4'b0;
        read_buffer    <= 32'b0;
    end
    else begin
        state <= next_state;
        if(state == IDLE) begin
            if(mem_read_addr_valid) begin
                req_address <= mem_read_addr;
        end
            else if(mem_write_addr_valid &&
         mem_write_data_valid) begin
                req_address    <= mem_write_addr;
                req_write_data <= mem_write_data;
                req_write_strb <= mem_write_strb;
            end
        end

        // Capture data_memory's combinational output while it's still valid
        // (MemRead is only asserted during the READ state; by READ_RESP it
        // has fallen back to 0 and mem_read_value would revert to 0 too).
        if (state == READ) begin
            read_buffer <= mem_read_value;
        end
    end
end

always @(*) begin
    next_state           = state;
    
    mem_read_addr_ready  = 1'b0;
    mem_read_data_valid  = 1'b0;
    mem_read_data        = 32'b0;
    mem_read_resp        = 2'b00;
    
    mem_write_addr_ready = 1'b0;
    mem_write_data_ready = 1'b0;
    mem_write_resp_valid = 1'b0;
    mem_write_resp       = 2'b00;

    MemRead              = 1'b0;
    MemWrite             = 1'b0;
    mem_address          = req_address; 
    mem_write_value      = req_write_data;



    case(state)
        IDLE:
        begin
            if(mem_read_addr_valid) begin
                mem_read_addr_ready = 1'b1;
                next_state = READ; 
            end
            else if(mem_write_addr_valid && mem_write_data_valid) begin
                mem_write_addr_ready = 1'b1;
                mem_write_data_ready = 1'b1;
                next_state = WRITE;
            end
        end

        READ:
        begin
            MemRead = 1'b1;
            next_state = READ_RESP;
        end

        READ_RESP:
        begin
            mem_read_data = read_buffer;
            mem_read_data_valid = 1'b1;
            mem_read_resp = 2'b00;
            
            if(mem_read_data_ready) begin
                next_state = IDLE;
            end
        end

        WRITE:
        begin
            MemWrite = 1'b1;
            next_state = WRITE_RESP;
        end

        WRITE_RESP:
        begin
            mem_write_resp_valid = 1'b1;
            mem_write_resp = 2'b00;
            
            if(mem_write_resp_ready) begin
                next_state = IDLE;
            end
        end

        default:
        begin
            next_state = IDLE;
        end
    endcase
end

always @(posedge clk) begin
    $display("MC t=%0t state=%0d next=%0d ARVALID=%b ARREADY=%b",
        $time,
        state,
        next_state,
        mem_read_addr_valid,
        mem_read_addr_ready
    );
end

always @(posedge clk)
begin
    $display("MC: state=%0d next=%0d ARVALID=%b ARREADY=%b RVALID=%b RREADY=%b",
        state,next_state,
        mem_read_addr_valid,
        mem_read_addr_ready,
        mem_read_data_valid,
        mem_read_data_ready);
end

endmodulemodule axi_interconnect(
    input  [31:0] master_read_addr,
    input         master_read_addr_valid,
    output        master_read_addr_ready,

    output [31:0] master_read_data,
    output [1:0]  master_read_resp,
    output        master_read_data_valid,
    input         master_read_data_ready,

    input  [31:0] master_write_addr,
    input         master_write_addr_valid,
    output        master_write_addr_ready,

    input  [31:0] master_write_data,
    input  [3:0]  master_write_strb,
    input         master_write_data_valid,
    output        master_write_data_ready,

    output [1:0]  master_write_resp,
    output        master_write_resp_valid,
    input         master_write_resp_ready,

    output [31:0] mem_read_addr,
    output        mem_read_addr_valid,
    input         mem_read_addr_ready,

    input  [31:0] mem_read_data,
    input  [1:0]  mem_read_resp,
    input         mem_read_data_valid,
    output        mem_read_data_ready,

    output [31:0] mem_write_addr,
    output        mem_write_addr_valid,
    input         mem_write_addr_ready,

    output [31:0] mem_write_data,
    output [3:0]  mem_write_strb,
    output        mem_write_data_valid,
    input         mem_write_data_ready,

    input  [1:0]  mem_write_resp,
    input         mem_write_resp_valid,
    output        mem_write_resp_ready
);

    assign mem_read_addr           = master_read_addr;
    assign mem_read_addr_valid     = master_read_addr_valid;
    assign master_read_addr_ready  = mem_read_addr_ready;

    assign master_read_data        = mem_read_data;
    assign master_read_resp        = mem_read_resp;
    assign master_read_data_valid  = mem_read_data_valid;
    assign mem_read_data_ready     = master_read_data_ready;

    assign mem_write_addr          = master_write_addr;
    assign mem_write_addr_valid    = master_write_addr_valid;
    assign master_write_addr_ready = mem_write_addr_ready;

    assign mem_write_data          = master_write_data;
    assign mem_write_strb          = master_write_strb;
    assign mem_write_data_valid    = master_write_data_valid;
    assign master_write_data_ready = mem_write_data_ready;

    assign master_write_resp       = mem_write_resp;
    assign master_write_resp_valid = mem_write_resp_valid;
    assign mem_write_resp_ready    = master_write_resp_ready;



endmodulemodule data_memory(
    input [31:0] address,
    input clk,
    input [31:0] write_data,
    input MemRead,
    input MemWrite,
    output reg [31:0] read_data
);

reg [31:0] data_mem [0:1023];
integer i;

initial begin
    for(i=0;i<1024;i=i+1)
        data_mem[i] = 32'b0;
    data_mem[25] = 50;
    data_mem[26] = 20;
    data_mem[27] = 30;
    data_mem[28] = 40;
end
    

always @(*) begin
    if(MemRead) begin
        read_data=data_mem[address[11:2]];
    end 
    else begin
        read_data=32'd0;
    end 
end

always @(posedge clk) begin
    if(MemWrite) begin
       data_mem[address[11:2]]<=write_data;
    end
end
endmodule